

---------------------------------------
deployment
---------------------------------------
  505  yarn build
  517  yarn
  518  yarn start
  522  npx electron-builder --mac --x64 --dir
  523  open dist/mac/MyApp.app

https://maku.blog/p/2tcs8n2/

note:
- problem with log4js
- make sure to include build directories inside package.json

---------------------------------------
instruction
---------------------------------------
npm install
npm start 


before checking in remove these folders:
- node_modules
- build 


---------------------------------------
todo
---------------------------------------
- add debug options
- if submit is clicked display alert
- create another window from main window 





---------------------------------------
personal note 
---------------------------------------

yarn
yarn start


old

.......
npm init -y
npm install electron --save-dev

update package.jason 
update main.js

for "process" to work
    include
    
    webPreferences: {
      nodeIntegration: true, // Node 機能の使用を許可
      contextIsolation: false,
    },


myapp/
  +-- build/         # トランスパイル後の .js ファイルを格納
  +-- src/           # .ts ファイルを格納
  +-- public/        # そのままパッケージングするもの
  |     +-- index.html
  +-- package.json   # Node.js 用設定ファイル
  +-- tsconfig.json  # TypeScript 用設定ファイル


npm install typescript --save-dev
npm install @types/node --save-dev

create main.ts and index.html
npm start

npm install --save react react-dom


### src/components/Hello.tsx 
  export class Hello extends React.Component<HelloProps> {
    public render(): React.ReactNode {
      const name = this.props.name ?? 'Mr. Unknown';
      return (
        <h1>Hello {name} in Electron</h1>
      );
    }
  }

### src/renderer.tsx
  ReactDOM.render(
    <Hello />,
    document.querySelector('#root')
  );
### public/index.html
    <body>
      <div id="root"></div>
      <script>require('../build/renderer.js');</script>
### src/main.ts
  function createWindow () {
    win.loadFile('public/index.html');


